Using pre-set license
Built from '2021.3/release' branch; Version is '2021.3.17f1 (3e8111cac19d) revision 4096273'; Using compiler version '192829333'; Build Type 'Release'
OS: 'Windows 11  (10.0.22621) 64bit CoreSingleLanguage' Language: 'en' Physical Memory: 5996 MB
BatchMode: 1, IsHumanControllingUs: 0, StartBugReporterOnCrash: 0, Is64bit: 1, IsPro: 1

COMMAND LINE ARGUMENTS:
C:\Users\kaush\AppData\LocalLow\Unity\Editor\3289785685\2021.3.17f1\Editor\Unity.exe
-adb2
-batchMode
-noUpm
-name
AssetImportWorker2
-projectPath
C:/KART/Map Object Model
-logFile
Logs/AssetImportWorker2.log
-srvPort
60149
Successfully changed project path to: C:/KART/Map Object Model
C:/KART/Map Object Model
[UnityMemory] Configuration Parameters - Can be set up in boot.config
    "memorysetup-bucket-allocator-granularity=16"
    "memorysetup-bucket-allocator-bucket-count=8"
    "memorysetup-bucket-allocator-block-size=33554432"
    "memorysetup-bucket-allocator-block-count=8"
    "memorysetup-main-allocator-block-size=16777216"
    "memorysetup-thread-allocator-block-size=16777216"
    "memorysetup-gfx-main-allocator-block-size=16777216"
    "memorysetup-gfx-thread-allocator-block-size=16777216"
    "memorysetup-cache-allocator-block-size=4194304"
    "memorysetup-typetree-allocator-block-size=2097152"
    "memorysetup-profiler-bucket-allocator-granularity=16"
    "memorysetup-profiler-bucket-allocator-bucket-count=8"
    "memorysetup-profiler-bucket-allocator-block-size=33554432"
    "memorysetup-profiler-bucket-allocator-block-count=8"
    "memorysetup-profiler-allocator-block-size=16777216"
    "memorysetup-profiler-editor-allocator-block-size=1048576"
    "memorysetup-temp-allocator-size-main=16777216"
    "memorysetup-job-temp-allocator-block-size=2097152"
    "memorysetup-job-temp-allocator-block-size-background=1048576"
    "memorysetup-job-temp-allocator-reduction-small-platforms=262144"
    "memorysetup-temp-allocator-size-background-worker=32768"
    "memorysetup-temp-allocator-size-job-worker=262144"
    "memorysetup-temp-allocator-size-preload-manager=33554432"
    "memorysetup-temp-allocator-size-nav-mesh-worker=65536"
    "memorysetup-temp-allocator-size-audio-worker=65536"
    "memorysetup-temp-allocator-size-cloud-worker=32768"
    "memorysetup-temp-allocator-size-gi-baking-worker=262144"
    "memorysetup-temp-allocator-size-gfx=262144"
Player connection [12444] Host "[IP] 192.168.0.7 [Port] 0 [Flags] 2 [Guid] 2763866350 [EditorId] 2763866350 [Version] 1048832 [Id] WindowsEditor(7,LAPTOP-UPRBG3EE) [Debug] 1 [PackageName] WindowsEditor [ProjectName] Editor" joined multi-casting on [225.0.0.222:54997]...

Player connection [12444] Host "[IP] 192.168.0.7 [Port] 0 [Flags] 2 [Guid] 2763866350 [EditorId] 2763866350 [Version] 1048832 [Id] WindowsEditor(7,LAPTOP-UPRBG3EE) [Debug] 1 [PackageName] WindowsEditor [ProjectName] Editor" joined alternative multi-casting on [225.0.0.222:34997]...

Assets/low_poly_tree/Lowpoly_tree_sample.c4d: Unity no longer supports importing Cinema 4D files directly, but we're working with Maxon to make the experience better. To import Cinema 4D files, install Maxon's external importer. You can find more information on the Unity Forum: https://on.unity.com/c4d.

Please note that FBX files exported from Cinema4D are still supported.
Assets/Objects/low_poly_tree/Lowpoly_tree_sample.c4d: Unity no longer supports importing Cinema 4D files directly, but we're working with Maxon to make the experience better. To import Cinema 4D files, install Maxon's external importer. You can find more information on the Unity Forum: https://on.unity.com/c4d.

Please note that FBX files exported from Cinema4D are still supported.
Refreshing native plugins compatible for Editor in 306.91 ms, found 3 plugins.
Preloading 0 native plugins for Editor in 0.00 ms.
Initialize engine version: 2021.3.17f1 (3e8111cac19d)
[Subsystems] Discovering subsystems at path C:/Users/kaush/AppData/LocalLow/Unity/Editor/3289785685/2021.3.17f1/Editor/Data/Resources/UnitySubsystems
[Subsystems] Discovering subsystems at path C:/KART/Map Object Model/Assets
GfxDevice: creating device client; threaded=0; jobified=0
Direct3D:
    Version:  Direct3D 11.0 [level 11.1]
    Renderer: NVIDIA GeForce GTX 1650 (ID=0x1f9d)
    Vendor:   NVIDIA
    VRAM:     3952 MB
    Driver:   31.0.15.2802
Initialize mono
Mono path[0] = 'C:/Users/kaush/AppData/LocalLow/Unity/Editor/3289785685/2021.3.17f1/Editor/Data/Managed'
Mono path[1] = 'C:/Users/kaush/AppData/LocalLow/Unity/Editor/3289785685/2021.3.17f1/Editor/Data/MonoBleedingEdge/lib/mono/unityjit-win32'
Mono config path = 'C:/Users/kaush/AppData/LocalLow/Unity/Editor/3289785685/2021.3.17f1/Editor/Data/MonoBleedingEdge/etc'
Using monoOptions --debugger-agent=transport=dt_socket,embedding=1,server=y,suspend=n,address=127.0.0.1:56072
Begin MonoManager ReloadAssembly
Registering precompiled unity dll's ...
Register platform support module: C:/Users/kaush/AppData/LocalLow/Unity/Editor/3289785685/2021.3.17f1/Editor/Data/PlaybackEngines/WindowsStandaloneSupport/UnityEditor.WindowsStandalone.Extensions.dll
Registered in 0.005645 seconds.
Native extension for WindowsStandalone target not found
Assets/low_poly_tree/Lowpoly_tree_sample.c4d: Unity no longer supports importing Cinema 4D files directly, but we're working with Maxon to make the experience better. To import Cinema 4D files, install Maxon's external importer. You can find more information on the Unity Forum: https://on.unity.com/c4d.

Please note that FBX files exported from Cinema4D are still supported.
Assets/Objects/low_poly_tree/Lowpoly_tree_sample.c4d: Unity no longer supports importing Cinema 4D files directly, but we're working with Maxon to make the experience better. To import Cinema 4D files, install Maxon's external importer. You can find more information on the Unity Forum: https://on.unity.com/c4d.

Please note that FBX files exported from Cinema4D are still supported.
Refreshing native plugins compatible for Editor in 78.99 ms, found 3 plugins.
Preloading 0 native plugins for Editor in 0.00 ms.
Mono: successfully reloaded assembly
- Completed reload, in  0.642 seconds
Domain Reload Profiling:
	ReloadAssembly (645ms)
		BeginReloadAssembly (109ms)
			ExecutionOrderSort (0ms)
			DisableScriptedObjects (0ms)
			BackupInstance (0ms)
			ReleaseScriptingObjects (0ms)
			CreateAndSetChildDomain (2ms)
		EndReloadAssembly (433ms)
			LoadAssemblies (105ms)
			RebuildTransferFunctionScriptingTraits (1ms)
			SetupTypeCache (97ms)
			ReleaseScriptCaches (0ms)
			RebuildScriptCaches (25ms)
			SetupLoadedEditorAssemblies (262ms)
				LogAssemblyErrors (0ms)
				InitializePlatformSupportModulesInManaged (8ms)
				SetLoadedEditorAssemblies (0ms)
				RefreshPlugins (79ms)
				BeforeProcessingInitializeOnLoad (2ms)
				ProcessInitializeOnLoadAttributes (119ms)
				ProcessInitializeOnLoadMethodAttributes (53ms)
				AfterProcessingInitializeOnLoad (0ms)
				EditorAssembliesLoaded (0ms)
			ExecutionOrderSort2 (0ms)
			AwakeInstancesAfterBackupRestoration (0ms)
Platform modules already initialized, skipping
Registering precompiled user dll's ...
Registered in 0.014256 seconds.
Begin MonoManager ReloadAssembly
Symbol file LoadedFromMemory doesn't match image C:\KART\Map Object Model\Library\PackageCache\com.unity.visualscripting@1.8.0\Editor\VisualScripting.Core\Dependencies\YamlDotNet\Unity.VisualScripting.YamlDotNet.dll
Symbol file LoadedFromMemory doesn't match image C:\KART\Map Object Model\Library\PackageCache\com.unity.visualscripting@1.8.0\Editor\VisualScripting.Core\Dependencies\DotNetZip\Unity.VisualScripting.IonicZip.dll
Native extension for WindowsStandalone target not found
Refreshing native plugins compatible for Editor in 0.70 ms, found 3 plugins.
Preloading 0 native plugins for Editor in 0.00 ms.
Mono: successfully reloaded assembly
- Completed reload, in  0.948 seconds
Domain Reload Profiling:
	ReloadAssembly (948ms)
		BeginReloadAssembly (96ms)
			ExecutionOrderSort (0ms)
			DisableScriptedObjects (5ms)
			BackupInstance (0ms)
			ReleaseScriptingObjects (0ms)
			CreateAndSetChildDomain (19ms)
		EndReloadAssembly (758ms)
			LoadAssemblies (131ms)
			RebuildTransferFunctionScriptingTraits (0ms)
			SetupTypeCache (230ms)
			ReleaseScriptCaches (1ms)
			RebuildScriptCaches (38ms)
			SetupLoadedEditorAssemblies (327ms)
				LogAssemblyErrors (0ms)
				InitializePlatformSupportModulesInManaged (4ms)
				SetLoadedEditorAssemblies (0ms)
				RefreshPlugins (1ms)
				BeforeProcessingInitializeOnLoad (72ms)
				ProcessInitializeOnLoadAttributes (220ms)
				ProcessInitializeOnLoadMethodAttributes (24ms)
				AfterProcessingInitializeOnLoad (6ms)
				EditorAssembliesLoaded (0ms)
			ExecutionOrderSort2 (0ms)
			AwakeInstancesAfterBackupRestoration (5ms)
Platform modules already initialized, skipping
Assets/low_poly_tree/Lowpoly_tree_sample.c4d: Unity no longer supports importing Cinema 4D files directly, but we're working with Maxon to make the experience better. To import Cinema 4D files, install Maxon's external importer. You can find more information on the Unity Forum: https://on.unity.com/c4d.

Please note that FBX files exported from Cinema4D are still supported.
Assets/Objects/low_poly_tree/Lowpoly_tree_sample.c4d: Unity no longer supports importing Cinema 4D files directly, but we're working with Maxon to make the experience better. To import Cinema 4D files, install Maxon's external importer. You can find more information on the Unity Forum: https://on.unity.com/c4d.

Please note that FBX files exported from Cinema4D are still supported.
========================================================================
Worker process is ready to serve import requests
Assets/low_poly_tree/Lowpoly_tree_sample.c4d: Unity no longer supports importing Cinema 4D files directly, but we're working with Maxon to make the experience better. To import Cinema 4D files, install Maxon's external importer. You can find more information on the Unity Forum: https://on.unity.com/c4d.

Please note that FBX files exported from Cinema4D are still supported.
Assets/Objects/low_poly_tree/Lowpoly_tree_sample.c4d: Unity no longer supports importing Cinema 4D files directly, but we're working with Maxon to make the experience better. To import Cinema 4D files, install Maxon's external importer. You can find more information on the Unity Forum: https://on.unity.com/c4d.

Please note that FBX files exported from Cinema4D are still supported.
Launched and connected shader compiler UnityShaderCompiler.exe after 0.06 seconds
Refreshing native plugins compatible for Editor in 2.01 ms, found 3 plugins.
Preloading 0 native plugins for Editor in 0.00 ms.
Unloading 3404 Unused Serialized files (Serialized files now loaded: 0)
Unloading 30 unused Assets / (113.5 KB). Loaded Objects now: 3858.
Memory consumption went from 116.9 MB to 116.8 MB.
Total: 4.206100 ms (FindLiveObjects: 0.260700 ms CreateObjectMapping: 0.103600 ms MarkObjects: 3.732000 ms  DeleteObjects: 0.108600 ms)

AssetImportParameters requested are different than current active one (requested -> active):
  custom:video-decoder-ogg-theora: a1e56fd34408186e4bbccfd4996cb3dc -> 
  custom:container-muxer-webm: aa71ff27fc2769a1b78a27578f13a17b -> 
  custom:container-demuxer-webm: 4f35f7cbe854078d1ac9338744f61a02 -> 
  custom:video-encoder-webm-vp8: eb34c28f22e8b96e1ab97ce403110664 -> 
  custom:video-codec-MediaFoundation-h265: 746d11721c4dcdbdad8f713fa42b33f4 -> 
  custom:audio-encoder-webm-vorbis: bf7c407c2cedff20999df2af8eb42d56 -> 
  custom:framework-win-MediaFoundation: 216162199b28c13a410421893ffa2e32 -> 
  custom:container-demuxer-ogg: 62fdf1f143b41e24485cea50d1cbac27 -> 
  custom:video-decoder-webm-vp8: 9c59270c3fd7afecdb556c50c9e8de78 -> 
  custom:audio-decoder-ogg-vorbis: bf7c407c2cedff20999df2af8eb42d56 -> 
========================================================================
Received Import Request.
  Time since last request: 95486.252011 seconds.
  path: Assets/Scenes/WhaleDemo.unity
  artifactKey: Guid(f31f6a762656713488b2d542de0ea7c4) Importer(815301076,1909f56bfc062723c751e8b465ee728b)
Start importing Assets/Scenes/WhaleDemo.unity using Guid(f31f6a762656713488b2d542de0ea7c4) Importer(815301076,1909f56bfc062723c751e8b465ee728b)  -> (artifact id: 'df7f7c809ada20a5677ecbb12f847c31') in 0.011640 seconds 
========================================================================
Received Import Request.
  Time since last request: 54.492598 seconds.
  path: Assets/Scenes/SampleScene.unity
  artifactKey: Guid(9fc0d4010bbf28b4594072e72b8655ab) Importer(815301076,1909f56bfc062723c751e8b465ee728b)
Start importing Assets/Scenes/SampleScene.unity using Guid(9fc0d4010bbf28b4594072e72b8655ab) Importer(815301076,1909f56bfc062723c751e8b465ee728b)  -> (artifact id: 'e04de8802276dd56bbefbb405e08fb2e') in 0.011134 seconds 
========================================================================
Received Import Request.
  Time since last request: 18.888558 seconds.
  path: Assets/World Map
  artifactKey: Guid(4a79a335aef4ba3429ca66f00f7ca00c) Importer(815301076,1909f56bfc062723c751e8b465ee728b)
Start importing Assets/World Map using Guid(4a79a335aef4ba3429ca66f00f7ca00c) Importer(815301076,1909f56bfc062723c751e8b465ee728b)  -> (artifact id: '7e3db34af74d23106d2330fef481955c') in 0.005720 seconds 
========================================================================
Received Import Request.
  Time since last request: 0.570839 seconds.
  path: Assets/World Map/world_map_PNG1.png
  artifactKey: Guid(c174ecd4e4a35d548b6da07d3e7db395) Importer(815301076,1909f56bfc062723c751e8b465ee728b)
Start importing Assets/World Map/world_map_PNG1.png using Guid(c174ecd4e4a35d548b6da07d3e7db395) Importer(815301076,1909f56bfc062723c751e8b465ee728b)  -> (artifact id: 'c821881a86a977ebc9fbe97d06e69648') in 0.068341 seconds 
========================================================================
Received Import Request.
  Time since last request: 13.038025 seconds.
  path: Assets/Scripts/BoatAgent.cs
  artifactKey: Guid(c25beae876ffb2f4d9a126c52df58ba0) Importer(815301076,1909f56bfc062723c751e8b465ee728b)
Start importing Assets/Scripts/BoatAgent.cs using Guid(c25beae876ffb2f4d9a126c52df58ba0) Importer(815301076,1909f56bfc062723c751e8b465ee728b)  -> (artifact id: 'c275375546a8c48d5145f815e6c9af9b') in 0.009904 seconds 
========================================================================
Received Import Request.
  Time since last request: 0.324562 seconds.
  path: Assets/Scripts/Checkpoint.cs
  artifactKey: Guid(aa99b5deeb7ccda4f88a792853446a3b) Importer(815301076,1909f56bfc062723c751e8b465ee728b)
Start importing Assets/Scripts/Checkpoint.cs using Guid(aa99b5deeb7ccda4f88a792853446a3b) Importer(815301076,1909f56bfc062723c751e8b465ee728b)  -> (artifact id: 'bc4394eee9bae26dc46d27667524681c') in 0.006155 seconds 
========================================================================
Received Import Request.
  Time since last request: 0.305446 seconds.
  path: Assets/Scripts/DrawPath.cs
  artifactKey: Guid(08900b95a15d3b14aa3c15e25c94dc71) Importer(815301076,1909f56bfc062723c751e8b465ee728b)
Start importing Assets/Scripts/DrawPath.cs using Guid(08900b95a15d3b14aa3c15e25c94dc71) Importer(815301076,1909f56bfc062723c751e8b465ee728b)  -> (artifact id: '54055541a3301c91f3328bbfdea2c26a') in 0.006251 seconds 
========================================================================
Received Import Request.
  Time since last request: 0.344311 seconds.
  path: Assets/Scripts/FollowPath.cs
  artifactKey: Guid(0321338484c54c844ba60c39399d4a1e) Importer(815301076,1909f56bfc062723c751e8b465ee728b)
Start importing Assets/Scripts/FollowPath.cs using Guid(0321338484c54c844ba60c39399d4a1e) Importer(815301076,1909f56bfc062723c751e8b465ee728b)  -> (artifact id: '7704dc11d62e0c58bcebdf79e236ee8c') in 0.006851 seconds 
========================================================================
Received Import Request.
  Time since last request: 0.995276 seconds.
  path: Assets/Scripts/Wall.cs
  artifactKey: Guid(ddba92a6c2de553458fa6697666d3836) Importer(815301076,1909f56bfc062723c751e8b465ee728b)
Start importing Assets/Scripts/Wall.cs using Guid(ddba92a6c2de553458fa6697666d3836) Importer(815301076,1909f56bfc062723c751e8b465ee728b)  -> (artifact id: '2b28f84877426624a35ee74c3e4315d5') in 0.007082 seconds 
========================================================================
Received Prepare
Assets/low_poly_tree/Lowpoly_tree_sample.c4d: Unity no longer supports importing Cinema 4D files directly, but we're working with Maxon to make the experience better. To import Cinema 4D files, install Maxon's external importer. You can find more information on the Unity Forum: https://on.unity.com/c4d.

Please note that FBX files exported from Cinema4D are still supported.
Assets/Objects/low_poly_tree/Lowpoly_tree_sample.c4d: Unity no longer supports importing Cinema 4D files directly, but we're working with Maxon to make the experience better. To import Cinema 4D files, install Maxon's external importer. You can find more information on the Unity Forum: https://on.unity.com/c4d.

Please note that FBX files exported from Cinema4D are still supported.
Registering precompiled user dll's ...
Registered in 0.004943 seconds.
Begin MonoManager ReloadAssembly
Symbol file LoadedFromMemory doesn't match image C:\KART\Map Object Model\Library\PackageCache\com.unity.visualscripting@1.8.0\Editor\VisualScripting.Core\Dependencies\YamlDotNet\Unity.VisualScripting.YamlDotNet.dll
Symbol file LoadedFromMemory doesn't match image C:\KART\Map Object Model\Library\PackageCache\com.unity.visualscripting@1.8.0\Editor\VisualScripting.Core\Dependencies\DotNetZip\Unity.VisualScripting.IonicZip.dll
Native extension for WindowsStandalone target not found
Refreshing native plugins compatible for Editor in 0.76 ms, found 3 plugins.
Preloading 0 native plugins for Editor in 0.00 ms.
Mono: successfully reloaded assembly
- Completed reload, in  0.808 seconds
Domain Reload Profiling:
	ReloadAssembly (809ms)
		BeginReloadAssembly (123ms)
			ExecutionOrderSort (0ms)
			DisableScriptedObjects (4ms)
			BackupInstance (0ms)
			ReleaseScriptingObjects (0ms)
			CreateAndSetChildDomain (38ms)
		EndReloadAssembly (609ms)
			LoadAssemblies (74ms)
			RebuildTransferFunctionScriptingTraits (0ms)
			SetupTypeCache (203ms)
			ReleaseScriptCaches (1ms)
			RebuildScriptCaches (29ms)
			SetupLoadedEditorAssemblies (267ms)
				LogAssemblyErrors (0ms)
				InitializePlatformSupportModulesInManaged (10ms)
				SetLoadedEditorAssemblies (0ms)
				RefreshPlugins (1ms)
				BeforeProcessingInitializeOnLoad (54ms)
				ProcessInitializeOnLoadAttributes (174ms)
				ProcessInitializeOnLoadMethodAttributes (21ms)
				AfterProcessingInitializeOnLoad (6ms)
				EditorAssembliesLoaded (0ms)
			ExecutionOrderSort2 (0ms)
			AwakeInstancesAfterBackupRestoration (6ms)
Platform modules already initialized, skipping
Refreshing native plugins compatible for Editor in 3.37 ms, found 3 plugins.
Preloading 0 native plugins for Editor in 0.00 ms.
Unloading 3386 Unused Serialized files (Serialized files now loaded: 0)
Unloading 33 unused Assets / (79.9 KB). Loaded Objects now: 3854.
Memory consumption went from 116.4 MB to 116.3 MB.
Total: 3.309500 ms (FindLiveObjects: 0.235800 ms CreateObjectMapping: 0.078400 ms MarkObjects: 2.884600 ms  DeleteObjects: 0.109600 ms)

AssetImportParameters requested are different than current active one (requested -> active):
  custom:video-decoder-ogg-theora: a1e56fd34408186e4bbccfd4996cb3dc -> 
  custom:container-muxer-webm: aa71ff27fc2769a1b78a27578f13a17b -> 
  custom:container-demuxer-webm: 4f35f7cbe854078d1ac9338744f61a02 -> 
  custom:video-encoder-webm-vp8: eb34c28f22e8b96e1ab97ce403110664 -> 
  custom:video-codec-MediaFoundation-h265: 746d11721c4dcdbdad8f713fa42b33f4 -> 
  custom:audio-encoder-webm-vorbis: bf7c407c2cedff20999df2af8eb42d56 -> 
  custom:framework-win-MediaFoundation: 216162199b28c13a410421893ffa2e32 -> 
  custom:container-demuxer-ogg: 62fdf1f143b41e24485cea50d1cbac27 -> 
  custom:video-decoder-webm-vp8: 9c59270c3fd7afecdb556c50c9e8de78 -> 
  custom:audio-decoder-ogg-vorbis: bf7c407c2cedff20999df2af8eb42d56 -> 
========================================================================
Received Import Request.
  Time since last request: 25.657500 seconds.
  path: Assets/ML-Agents
  artifactKey: Guid(d5dcc09d36705904a9c94b7f4efd57c4) Importer(815301076,1909f56bfc062723c751e8b465ee728b)
Start importing Assets/ML-Agents using Guid(d5dcc09d36705904a9c94b7f4efd57c4) Importer(815301076,1909f56bfc062723c751e8b465ee728b)  -> (artifact id: '4985af1e2134b5b69d3ccd61e71d53e6') in 0.009305 seconds 
========================================================================
Received Import Request.
  Time since last request: 41.629212 seconds.
  path: Assets/Materials/agent.mat
  artifactKey: Guid(000b85cfb551e66478115ca586165754) Importer(815301076,1909f56bfc062723c751e8b465ee728b)
Start importing Assets/Materials/agent.mat using Guid(000b85cfb551e66478115ca586165754) Importer(815301076,1909f56bfc062723c751e8b465ee728b)  -> (artifact id: '0f98e86183b0f34eb9c5096cdb9e2a19') in 0.186918 seconds 
========================================================================
Received Import Request.
  Time since last request: 0.000084 seconds.
  path: Assets/Materials/Plane.mat
  artifactKey: Guid(4dd6bf766d26302468782453ffffa1a0) Importer(815301076,1909f56bfc062723c751e8b465ee728b)
Start importing Assets/Materials/Plane.mat using Guid(4dd6bf766d26302468782453ffffa1a0) Importer(815301076,1909f56bfc062723c751e8b465ee728b)  -> (artifact id: 'ae67211a8ba458f8b32667861e07df2a') in 0.074900 seconds 
========================================================================
Received Import Request.
  Time since last request: 0.000083 seconds.
  path: Assets/Materials/checkpoint.mat
  artifactKey: Guid(b64b99fe47e5a3c4baade0a5036a0ebc) Importer(815301076,1909f56bfc062723c751e8b465ee728b)
Start importing Assets/Materials/checkpoint.mat using Guid(b64b99fe47e5a3c4baade0a5036a0ebc) Importer(815301076,1909f56bfc062723c751e8b465ee728b)  -> (artifact id: '8c0393e2f85e2ad48ee11461c356f64a') in 0.087475 seconds 
========================================================================
Received Import Request.
  Time since last request: 0.000073 seconds.
  path: Assets/Materials/decor.mat
  artifactKey: Guid(a8792da7f053650429a9ca17728313ac) Importer(815301076,1909f56bfc062723c751e8b465ee728b)
Start importing Assets/Materials/decor.mat using Guid(a8792da7f053650429a9ca17728313ac) Importer(815301076,1909f56bfc062723c751e8b465ee728b)  -> (artifact id: '09f0661db3c7a7f6515aae5cb9575efd') in 0.014607 seconds 
========================================================================
Received Import Request.
  Time since last request: 0.000040 seconds.
  path: Assets/Materials/ground.mat
  artifactKey: Guid(999e3a8d650300444a82a0118d8dc2a8) Importer(815301076,1909f56bfc062723c751e8b465ee728b)
Start importing Assets/Materials/ground.mat using Guid(999e3a8d650300444a82a0118d8dc2a8) Importer(815301076,1909f56bfc062723c751e8b465ee728b)  -> (artifact id: '393d5e72b0855208feb779fcecf0ed89') in 0.147111 seconds 
========================================================================
Received Import Request.
  Time since last request: 0.000077 seconds.
  path: Assets/Materials/walls.mat
  artifactKey: Guid(062b9eae972920f4fb6a51d8a82fe248) Importer(815301076,1909f56bfc062723c751e8b465ee728b)
Start importing Assets/Materials/walls.mat using Guid(062b9eae972920f4fb6a51d8a82fe248) Importer(815301076,1909f56bfc062723c751e8b465ee728b)  -> (artifact id: 'cd503b54fde043ca0e953a5b73b09229') in 0.014871 seconds 
========================================================================
Received Import Request.
  Time since last request: 0.000048 seconds.
  path: Assets/Materials/buoy.mat
  artifactKey: Guid(09412e473dadf864a875a17567aa355e) Importer(815301076,1909f56bfc062723c751e8b465ee728b)
Start importing Assets/Materials/buoy.mat using Guid(09412e473dadf864a875a17567aa355e) Importer(815301076,1909f56bfc062723c751e8b465ee728b)  -> (artifact id: 'd378c10fdb5d9f0a6b6fdcb901b21aec') in 0.016039 seconds 
========================================================================
Received Import Request.
  Time since last request: 0.000059 seconds.
  path: Assets/Materials/whale.mat
  artifactKey: Guid(26062d88b96e8914ab4262e0e9f2cebe) Importer(815301076,1909f56bfc062723c751e8b465ee728b)
Start importing Assets/Materials/whale.mat using Guid(26062d88b96e8914ab4262e0e9f2cebe) Importer(815301076,1909f56bfc062723c751e8b465ee728b)  -> (artifact id: 'd6e5e523b0d823ee6aa19e421bc0bfcc') in 0.013145 seconds 
========================================================================
Received Import Request.
  Time since last request: 0.000033 seconds.
  path: Assets/Materials/goal.mat
  artifactKey: Guid(29815adfa9afa6c468039c43c2f8b444) Importer(815301076,1909f56bfc062723c751e8b465ee728b)
Start importing Assets/Materials/goal.mat using Guid(29815adfa9afa6c468039c43c2f8b444) Importer(815301076,1909f56bfc062723c751e8b465ee728b)  -> (artifact id: '07cda26a6d9a3ed02bea14985c4feaed') in 0.015417 seconds 
========================================================================
Received Import Request.
  Time since last request: 16.366842 seconds.
  path: Assets/low_poly_tree
  artifactKey: Guid(0e421bbcfda8ceb49bfca02325f4d9db) Importer(815301076,1909f56bfc062723c751e8b465ee728b)
Start importing Assets/low_poly_tree using Guid(0e421bbcfda8ceb49bfca02325f4d9db) Importer(815301076,1909f56bfc062723c751e8b465ee728b)  -> (artifact id: '4960fab90433d75099cdfb626723502f') in 0.006752 seconds 
========================================================================
Received Import Request.
  Time since last request: 0.015324 seconds.
  path: Assets/low_poly_tree/Lowpoly_tree_sample.dae
  artifactKey: Guid(f0d607d9009cbc949b4ab8f676b19776) Importer(815301076,1909f56bfc062723c751e8b465ee728b)
Start importing Assets/low_poly_tree/Lowpoly_tree_sample.dae using Guid(f0d607d9009cbc949b4ab8f676b19776) Importer(815301076,1909f56bfc062723c751e8b465ee728b)  -> (artifact id: '9e2074b30270607a0dac0db0f3b13702') in 0.078195 seconds 
========================================================================
Received Import Request.
  Time since last request: 7.071373 seconds.
  path: Assets/Demos
  artifactKey: Guid(04d2a0615a56b134eb37db574ec0b15a) Importer(815301076,1909f56bfc062723c751e8b465ee728b)
Start importing Assets/Demos using Guid(04d2a0615a56b134eb37db574ec0b15a) Importer(815301076,1909f56bfc062723c751e8b465ee728b)  -> (artifact id: '32319e2d1101b0b452b384bded23fe9b') in 0.006110 seconds 
========================================================================
Received Import Request.
  Time since last request: 4.199991 seconds.
  path: Assets/animations
  artifactKey: Guid(c1cf954dde2d5ad4883c43f683964710) Importer(815301076,1909f56bfc062723c751e8b465ee728b)
Start importing Assets/animations using Guid(c1cf954dde2d5ad4883c43f683964710) Importer(815301076,1909f56bfc062723c751e8b465ee728b)  -> (artifact id: 'b713809798486545266aad63b9015a84') in 0.002213 seconds 
========================================================================
Received Import Request.
  Time since last request: 6.044665 seconds.
  path: Assets/sci.cs
  artifactKey: Guid(bab3fd822b2e2ca4ca578bad39bde978) Importer(815301076,1909f56bfc062723c751e8b465ee728b)
Start importing Assets/sci.cs using Guid(bab3fd822b2e2ca4ca578bad39bde978) Importer(815301076,1909f56bfc062723c751e8b465ee728b)  -> (artifact id: '8f15872849d8e7df65413efd29681e4a') in 0.005695 seconds 
========================================================================
Received Prepare
Registering precompiled user dll's ...
Registered in 0.005637 seconds.
Begin MonoManager ReloadAssembly
Symbol file LoadedFromMemory doesn't match image C:\KART\Map Object Model\Library\PackageCache\com.unity.visualscripting@1.8.0\Editor\VisualScripting.Core\Dependencies\YamlDotNet\Unity.VisualScripting.YamlDotNet.dll
Symbol file LoadedFromMemory doesn't match image C:\KART\Map Object Model\Library\PackageCache\com.unity.visualscripting@1.8.0\Editor\VisualScripting.Core\Dependencies\DotNetZip\Unity.VisualScripting.IonicZip.dll
Native extension for WindowsStandalone target not found
Refreshing native plugins compatible for Editor in 0.74 ms, found 3 plugins.
Preloading 0 native plugins for Editor in 0.00 ms.
Mono: successfully reloaded assembly
- Completed reload, in  1.052 seconds
Domain Reload Profiling:
	ReloadAssembly (1054ms)
		BeginReloadAssembly (246ms)
			ExecutionOrderSort (0ms)
			DisableScriptedObjects (10ms)
			BackupInstance (0ms)
			ReleaseScriptingObjects (0ms)
			CreateAndSetChildDomain (107ms)
		EndReloadAssembly (713ms)
			LoadAssemblies (89ms)
			RebuildTransferFunctionScriptingTraits (1ms)
			SetupTypeCache (266ms)
			ReleaseScriptCaches (1ms)
			RebuildScriptCaches (36ms)
			SetupLoadedEditorAssemblies (295ms)
				LogAssemblyErrors (0ms)
				InitializePlatformSupportModulesInManaged (13ms)
				SetLoadedEditorAssemblies (1ms)
				RefreshPlugins (1ms)
				BeforeProcessingInitializeOnLoad (58ms)
				ProcessInitializeOnLoadAttributes (190ms)
				ProcessInitializeOnLoadMethodAttributes (27ms)
				AfterProcessingInitializeOnLoad (5ms)
				EditorAssembliesLoaded (0ms)
			ExecutionOrderSort2 (0ms)
			AwakeInstancesAfterBackupRestoration (6ms)
Platform modules already initialized, skipping
Refreshing native plugins compatible for Editor in 4.24 ms, found 3 plugins.
Preloading 0 native plugins for Editor in 0.00 ms.
Unloading 3385 Unused Serialized files (Serialized files now loaded: 0)
Unloading 24 unused Assets / (79.8 KB). Loaded Objects now: 3899.
Memory consumption went from 121.0 MB to 120.9 MB.
Total: 5.634200 ms (FindLiveObjects: 0.678700 ms CreateObjectMapping: 0.104800 ms MarkObjects: 4.660500 ms  DeleteObjects: 0.185700 ms)

AssetImportParameters requested are different than current active one (requested -> active):
  custom:video-decoder-ogg-theora: a1e56fd34408186e4bbccfd4996cb3dc -> 
  custom:container-muxer-webm: aa71ff27fc2769a1b78a27578f13a17b -> 
  custom:container-demuxer-webm: 4f35f7cbe854078d1ac9338744f61a02 -> 
  custom:video-encoder-webm-vp8: eb34c28f22e8b96e1ab97ce403110664 -> 
  custom:video-codec-MediaFoundation-h265: 746d11721c4dcdbdad8f713fa42b33f4 -> 
  custom:audio-encoder-webm-vorbis: bf7c407c2cedff20999df2af8eb42d56 -> 
  custom:framework-win-MediaFoundation: 216162199b28c13a410421893ffa2e32 -> 
  custom:container-demuxer-ogg: 62fdf1f143b41e24485cea50d1cbac27 -> 
  custom:video-decoder-webm-vp8: 9c59270c3fd7afecdb556c50c9e8de78 -> 
  custom:audio-decoder-ogg-vorbis: bf7c407c2cedff20999df2af8eb42d56 -> 
